<?xml version="1.0" encoding="UTF-8"?>
<!-- Generated by org.testng.reporters.JUnitReportReporter -->
<testsuite hostname="ArunMotoori" failures="0" tests="4" name="tests.Register" time="17.503" errors="0" timestamp="2022-11-16T15:01:09 IST" skipped="0">
  <testcase classname="tests.Register" name="registerWithMandatoryFields" time="4.417"/>
  <system-out/>
  <testcase classname="tests.Register" name="registerWithAllFields" time="4.632"/>
  <system-out/>
  <testcase classname="tests.Register" name="registerWithoutFillingAnyFieds" time="3.656"/>
  <system-out/>
  <testcase classname="tests.Register" name="registerWithDuplicateEmailAddress" time="4.798"/>
  <system-out/>
</testsuite> <!-- tests.Register -->
