<?xml version="1.0" encoding="UTF-8"?>
<!-- Generated by org.testng.reporters.JUnitReportReporter -->
<testsuite hostname="ArunMotoori" failures="0" tests="7" name="tests.Login" time="29.344" errors="0" timestamp="2022-11-16T15:01:09 IST" skipped="0">
  <testcase classname="tests.Login" name="loginWithValidCredentials" time="7.623"/>
  <system-out/>
  <testcase classname="tests.Login" name="loginWithValidCredentials" time="3.495"/>
  <system-out/>
  <testcase classname="tests.Login" name="loginWithValidCredentials" time="4.062"/>
  <system-out/>
  <testcase classname="tests.Login" name="loginWithInvalidEmailAndValidPassword" time="3.794"/>
  <system-out/>
  <testcase classname="tests.Login" name="loginWithValidEmailAndInvalidPassword" time="3.615"/>
  <system-out/>
  <testcase classname="tests.Login" name="loginWithInvalidCredentials" time="3.394"/>
  <system-out/>
  <testcase classname="tests.Login" name="loginWithoutProvidingAnyCredentials" time="3.361"/>
  <system-out/>
</testsuite> <!-- tests.Login -->
