<?xml version="1.0" encoding="UTF-8"?>
<!-- Generated by org.testng.reporters.JUnitReportReporter -->
<testsuite hostname="ArunMotoori" failures="0" tests="7" name="tests.LoginTest" time="30.143" errors="0" timestamp="2022-11-16T16:17:09 IST" skipped="0">
  <testcase classname="tests.LoginTest" name="loginWithValidCredentials" time="6.206"/>
  <system-out/>
  <testcase classname="tests.LoginTest" name="loginWithValidCredentials" time="4.106"/>
  <system-out/>
  <testcase classname="tests.LoginTest" name="loginWithValidCredentials" time="4.177"/>
  <system-out/>
  <testcase classname="tests.LoginTest" name="loginWithInvalidEmailAndValidPassword" time="4.021"/>
  <system-out/>
  <testcase classname="tests.LoginTest" name="loginWithValidEmailAndInvalidPassword" time="3.730"/>
  <system-out/>
  <testcase classname="tests.LoginTest" name="loginWithInvalidCredentials" time="3.895"/>
  <system-out/>
  <testcase classname="tests.LoginTest" name="loginWithoutProvidingAnyCredentials" time="4.008"/>
  <system-out/>
</testsuite> <!-- tests.LoginTest -->
