<?xml version="1.0" encoding="UTF-8"?>
<!-- Generated by org.testng.reporters.JUnitReportReporter -->
<testsuite hostname="ArunMotoori" failures="0" tests="4" name="tests.RegisterTest" time="19.151" errors="0" timestamp="2022-11-16T16:17:09 IST" skipped="0">
  <testcase classname="tests.RegisterTest" name="registerWithMandatoryFields" time="4.652"/>
  <system-out/>
  <testcase classname="tests.RegisterTest" name="registerWithAllFields" time="5.699"/>
  <system-out/>
  <testcase classname="tests.RegisterTest" name="registerWithoutFillingAnyFieds" time="4.142"/>
  <system-out/>
  <testcase classname="tests.RegisterTest" name="registerWithDuplicateEmailAddress" time="4.658"/>
  <system-out/>
</testsuite> <!-- tests.RegisterTest -->
